{"contracts\\raffle.sol":{"l":{"64":3,"65":3,"66":3,"67":3,"68":3,"69":3,"70":3,"71":3,"76":0,"77":0,"79":0,"80":0,"82":0,"83":0,"98":0,"99":0,"100":0,"101":0,"102":0,"106":0,"107":0,"108":0,"117":0,"118":0,"125":0,"132":0,"133":0,"134":0,"135":0,"136":0,"137":0,"138":0,"139":0,"140":0,"142":0,"146":0,"150":0,"154":0,"158":1,"162":0,"166":0,"170":0,"174":0,"178":1},"path":"C:\\Users\\daver\\Documents\\HardHat-freeCodeCamp\\hardhat-smartcontract-lottery-fcc\\contracts\\raffle.sol","s":{"1":0,"2":0,"3":0,"4":0,"5":0,"6":0,"7":0,"8":0,"9":0,"10":0,"11":0,"12":0,"13":0,"14":0,"15":0,"16":0,"17":0,"18":0,"19":0,"20":1,"21":0,"22":0,"23":0,"24":0,"25":1},"b":{"1":[0,0],"2":[0,0],"3":[0,0],"4":[0,0]},"f":{"1":3,"2":0,"3":0,"4":0,"5":0,"6":0,"7":0,"8":0,"9":1,"10":0,"11":0,"12":0,"13":0,"14":1},"fnMap":{"1":{"name":"constructor","line":63,"loc":{"start":{"line":56,"column":4},"end":{"line":72,"column":4}}},"2":{"name":"enterRaffle","line":74,"loc":{"start":{"line":74,"column":4},"end":{"line":84,"column":4}}},"3":{"name":"checkUpkeep","line":95,"loc":{"start":{"line":95,"column":4},"end":{"line":103,"column":4}}},"4":{"name":"performUpkeep","line":105,"loc":{"start":{"line":105,"column":4},"end":{"line":126,"column":4}}},"5":{"name":"fulfillRandomWords","line":128,"loc":{"start":{"line":128,"column":4},"end":{"line":143,"column":4}}},"6":{"name":"getEntranceFee","line":145,"loc":{"start":{"line":145,"column":4},"end":{"line":147,"column":4}}},"7":{"name":"getPlayer","line":149,"loc":{"start":{"line":149,"column":4},"end":{"line":151,"column":4}}},"8":{"name":"getRecentWinner","line":153,"loc":{"start":{"line":153,"column":4},"end":{"line":155,"column":4}}},"9":{"name":"getRaffleState","line":157,"loc":{"start":{"line":157,"column":4},"end":{"line":159,"column":4}}},"10":{"name":"getNumWords","line":161,"loc":{"start":{"line":161,"column":4},"end":{"line":163,"column":4}}},"11":{"name":"getNumberOfPlayers","line":165,"loc":{"start":{"line":165,"column":4},"end":{"line":167,"column":4}}},"12":{"name":"getLatestTimeStamp","line":169,"loc":{"start":{"line":169,"column":4},"end":{"line":171,"column":4}}},"13":{"name":"getRequestConfirmations","line":173,"loc":{"start":{"line":173,"column":4},"end":{"line":175,"column":4}}},"14":{"name":"getInterval","line":177,"loc":{"start":{"line":177,"column":4},"end":{"line":179,"column":4}}}},"statementMap":{"1":{"start":{"line":76,"column":8},"end":{"line":76,"column":2731}},"2":{"start":{"line":79,"column":8},"end":{"line":79,"column":2835}},"3":{"start":{"line":82,"column":8},"end":{"line":82,"column":42}},"4":{"start":{"line":83,"column":8},"end":{"line":83,"column":36}},"5":{"start":{"line":98,"column":8},"end":{"line":98,"column":57}},"6":{"start":{"line":99,"column":8},"end":{"line":99,"column":76}},"7":{"start":{"line":100,"column":8},"end":{"line":100,"column":48}},"8":{"start":{"line":101,"column":8},"end":{"line":101,"column":51}},"9":{"start":{"line":106,"column":8},"end":{"line":106,"column":47}},"10":{"start":{"line":107,"column":8},"end":{"line":107,"column":4046}},"11":{"start":{"line":118,"column":8},"end":{"line":118,"column":4435}},"12":{"start":{"line":125,"column":8},"end":{"line":125,"column":45}},"13":{"start":{"line":132,"column":8},"end":{"line":132,"column":65}},"14":{"start":{"line":133,"column":8},"end":{"line":133,"column":63}},"15":{"start":{"line":138,"column":8},"end":{"line":138,"column":78}},"16":{"start":{"line":139,"column":8},"end":{"line":139,"column":5247}},"17":{"start":{"line":142,"column":8},"end":{"line":142,"column":39}},"18":{"start":{"line":146,"column":8},"end":{"line":146,"column":28}},"19":{"start":{"line":154,"column":8},"end":{"line":154,"column":29}},"20":{"start":{"line":158,"column":8},"end":{"line":158,"column":28}},"21":{"start":{"line":162,"column":8},"end":{"line":162,"column":24}},"22":{"start":{"line":166,"column":8},"end":{"line":166,"column":31}},"23":{"start":{"line":170,"column":8},"end":{"line":170,"column":30}},"24":{"start":{"line":174,"column":8},"end":{"line":174,"column":36}},"25":{"start":{"line":178,"column":8},"end":{"line":178,"column":25}}},"branchMap":{"1":{"line":76,"type":"if","locations":[{"start":{"line":76,"column":8},"end":{"line":76,"column":8}},{"start":{"line":76,"column":8},"end":{"line":76,"column":8}}]},"2":{"line":79,"type":"if","locations":[{"start":{"line":79,"column":8},"end":{"line":79,"column":8}},{"start":{"line":79,"column":8},"end":{"line":79,"column":8}}]},"3":{"line":107,"type":"if","locations":[{"start":{"line":107,"column":8},"end":{"line":107,"column":8}},{"start":{"line":107,"column":8},"end":{"line":107,"column":8}}]},"4":{"line":139,"type":"if","locations":[{"start":{"line":139,"column":8},"end":{"line":139,"column":8}},{"start":{"line":139,"column":8},"end":{"line":139,"column":8}}]}}},"contracts\\test\\VRFCoordinatorV2Mock.sol":{"l":{},"path":"C:\\Users\\daver\\Documents\\HardHat-freeCodeCamp\\hardhat-smartcontract-lottery-fcc\\contracts\\test\\VRFCoordinatorV2Mock.sol","s":{},"b":{},"f":{},"fnMap":{},"statementMap":{},"branchMap":{}}}