TN:
SF:C:\Users\daver\Documents\HardHat-freeCodeCamp\hardhat-smartcontract-lottery-fcc\contracts\raffle.sol
FN:63,constructor
FN:74,enterRaffle
FN:95,checkUpkeep
FN:105,performUpkeep
FN:128,fulfillRandomWords
FN:145,getEntranceFee
FN:149,getPlayer
FN:153,getRecentWinner
FN:157,getRaffleState
FN:161,getNumWords
FN:165,getNumberOfPlayers
FN:169,getLatestTimeStamp
FN:173,getRequestConfirmations
FN:177,getInterval
FNF:14
FNH:3
FNDA:3,constructor
FNDA:0,enterRaffle
FNDA:0,checkUpkeep
FNDA:0,performUpkeep
FNDA:0,fulfillRandomWords
FNDA:0,getEntranceFee
FNDA:0,getPlayer
FNDA:0,getRecentWinner
FNDA:1,getRaffleState
FNDA:0,getNumWords
FNDA:0,getNumberOfPlayers
FNDA:0,getLatestTimeStamp
FNDA:0,getRequestConfirmations
FNDA:1,getInterval
DA:64,3
DA:65,3
DA:66,3
DA:67,3
DA:68,3
DA:69,3
DA:70,3
DA:71,3
DA:76,0
DA:77,0
DA:79,0
DA:80,0
DA:82,0
DA:83,0
DA:98,0
DA:99,0
DA:100,0
DA:101,0
DA:102,0
DA:106,0
DA:107,0
DA:108,0
DA:117,0
DA:118,0
DA:125,0
DA:132,0
DA:133,0
DA:134,0
DA:135,0
DA:136,0
DA:137,0
DA:138,0
DA:139,0
DA:140,0
DA:142,0
DA:146,0
DA:150,0
DA:154,0
DA:158,1
DA:162,0
DA:166,0
DA:170,0
DA:174,0
DA:178,1
LF:44
LH:10
BRDA:76,1,0,0
BRDA:76,1,1,0
BRDA:79,2,0,0
BRDA:79,2,1,0
BRDA:107,3,0,0
BRDA:107,3,1,0
BRDA:139,4,0,0
BRDA:139,4,1,0
BRF:8
BRH:0
end_of_record
TN:
SF:C:\Users\daver\Documents\HardHat-freeCodeCamp\hardhat-smartcontract-lottery-fcc\contracts\test\VRFCoordinatorV2Mock.sol
FNF:0
FNH:0
LF:0
LH:0
BRF:0
BRH:0
end_of_record
